{"level":"info","message":"[Request] Method : PUT, URL : /mntr<<END","timestamp":"Jan 04 2015 13:04:18"}
{"level":"info","message":"[Request] Method : GET, URL : /v1/profile/asdfasdfasdfasdfasdfasf<<END","timestamp":"Jan 04 2015 13:19:29"}
{"level":"info","message":"[Request] Method : GET, URL : /v1/profile/asdfasdfasdfasdfasdfasf<<END","timestamp":"Jan 04 2015 13:19:43"}
{"level":"info","message":"Profile key : undefined","timestamp":"Jan 04 2015 13:19:43"}
{"level":"info","message":"[Request] Method : GET, URL : /v1/profile/asdfasdfasdfasdfasdfasf<<END","timestamp":"Jan 04 2015 13:20:19"}
{"level":"info","message":"Profile key : undefined","timestamp":"Jan 04 2015 13:20:19"}
{"level":"info","message":"[Request] Method : GET, URL : /v1/profile/asdfasdfasdfasdfasdfasf<<END","timestamp":"Jan 04 2015 13:20:46"}
{"level":"info","message":"Profile key : undefined","timestamp":"Jan 04 2015 13:20:46"}
{"level":"info","message":"[Request] Method : GET, URL : /v1/profile/asdfasdfasdfasdfasdfasf<<END","timestamp":"Jan 04 2015 13:21:13"}
{"level":"info","message":"Profile key : asdfasdfasdfasdfasdfasf","timestamp":"Jan 04 2015 13:21:13"}
{"level":"info","message":"[Request] Method : GET, URL : /v1/profile/asdfasdfasdfasdfasdfasf<<END","timestamp":"Jan 04 2015 13:21:31"}
{"level":"info","message":"Profile key : asdfasdfasdfasdfasdfasf","timestamp":"Jan 04 2015 13:21:31"}
{"level":"info","message":"[Request] Method : GET, URL : /v1/profile/A39ASDF93279323<<END","timestamp":"Jan 04 2015 13:29:31"}
{"level":"info","message":"ProfileController - get_profile_info error - parameter size not valid.","timestamp":"Jan 04 2015 13:29:31"}
{"level":"info","message":"[Request] Method : GET, URL : /v1/profile/qazwsxedcrfvqazwsxedcrfvqazwsxedcrfv<<END","timestamp":"Jan 04 2015 13:30:48"}
{"level":"info","message":"ProfileController - get_profile_info error - parameter size not valid.36","timestamp":"Jan 04 2015 13:30:48"}
{"level":"info","message":"[Request] Method : GET, URL : /v1/profile/qazwsxedcrfvqazwsxedcrfvqazwsxedcrfv<<END","timestamp":"Jan 04 2015 13:31:03"}
{"level":"info","message":"[Request] Method : GET, URL : /v1/profile/qazwsxedcrfvqazwsxedcrfvqazwsxedcrfv<<END","timestamp":"Jan 04 2015 13:57:48"}
{"level":"info","message":"[Request] Method : GET, URL : /v1/profile/qazwsxedcrfvqazwsxedcrfvqazwsxedcrfv<<END","timestamp":"Jan 04 2015 13:58:23"}
{"level":"info","message":"[Request] Method : GET, URL : /v1/profile/qazwsxedcrfvqazwsxedcrfvqazwsxedcrfv<<END","timestamp":"Jan 04 2015 14:03:01"}
{"level":"info","message":"[Request] Method : GET, URL : /v1/profile/qazwsxedcrfvqazwsxedcrfvqazwsxedcrfv<<END","timestamp":"Jan 04 2015 14:04:00"}
{"level":"info","message":"[Request] Method : GET, URL : /v1/profile/qazwsxedcrfvqazwsxedcrfvqazwsxedcrfv<<END","timestamp":"Jan 04 2015 14:05:27"}
{"level":"info","message":"[Request] Method : GET, URL : /v1/profile/qazwsxedcrfvqazwsxedcrfvqazwsxedcrfv<<END","timestamp":"Jan 04 2015 14:06:03"}
{"level":"info","message":"[Request] Method : GET, URL : /v1/profile/qazwsxedcrfvqazwsxedcrfvqazwsxedcrfv<<END","timestamp":"Jan 04 2015 14:07:09"}
{"level":"info","message":"[Request] Method : GET, URL : /v1/profile/qazwsxedcrfvqazwsxedcrfvqazwsxedcrfv<<END","timestamp":"Jan 04 2015 14:09:20"}
{"level":"info","message":"[Request] Method : GET, URL : /v1/profile/qazwsxedcrfvqazwsxedcrfvqazwsxedcrfv<<END","timestamp":"Jan 04 2015 14:11:17"}
{"level":"info","message":"[Request] Method : GET, URL : /v1/profile/qazwsxedcrfvqazwsxedcrfvqazwsxedcrfv<<END","timestamp":"Jan 04 2015 14:12:25"}
{"level":"info","message":"[Request] Method : GET, URL : /v1/profile/qazwsxedcrfvqazwsxedcrfvqazwsxedcrfv<<END","timestamp":"Jan 04 2015 14:14:55"}
{"level":"info","message":"[Request] Method : GET, URL : /v1/profile/qazwsxedcrfvqazwsxedcrfvqazwsxedcrfv<<END","timestamp":"Jan 04 2015 14:20:07"}
{"level":"info","message":"[Request] Method : GET, URL : /v1/profile/qazwsxedcrfvqazwsxedcrfvqazwsxedcrfv<<END","timestamp":"Jan 04 2015 14:20:48"}
{"level":"info","message":"[Request] Method : GET, URL : /v1/profile/qazwsxedcrfvqazwsxedcrfvqazwsxedcrfv<<END","timestamp":"Jan 04 2015 14:22:26"}
{"level":"info","message":"[Request] Method : GET, URL : /v1/profile/qazwsxedcrfvqazwsxedcrfvqazwsxedcrfv<<END","timestamp":"Jan 04 2015 14:23:51"}
{"level":"info","message":"[Request] Method : GET, URL : /v1/profile/qazwsxedcrfvqazwsxedcrfvqazwsxedcrfv<<END","timestamp":"Jan 04 2015 14:25:36"}
{"level":"info","message":"[Request] Method : GET, URL : /v1/profile/qazwsxedcrfvqazwsxedcrfvqazwsxedcrfv<<END","timestamp":"Jan 04 2015 14:28:33"}
{"level":"info","message":"[Request] Method : GET, URL : /v1/profile/qazwsxedcrfvqazwsxedcrfvqazwsxedcrfv<<END","timestamp":"Jan 04 2015 14:30:23"}
{"level":"info","message":"[Request] Method : GET, URL : /v1/profile/qazwsxedcrfvqazwsxedcrfvqazwsxedcrfv<<END","timestamp":"Jan 04 2015 14:30:51"}
{"level":"info","message":"[Request] Method : GET, URL : /v1/profile/qazwsxedcrfvqazwsxedcrfvqazwsxedcrfv<<END","timestamp":"Jan 04 2015 14:31:23"}
{"level":"info","message":"[Request] Method : GET, URL : /v1/profile/qazwsxedcrfvqazwsxedcrfvqazwsxedcrfv<<END","timestamp":"Jan 04 2015 14:31:48"}
{"level":"info","message":"[Request] Method : GET, URL : /v1/profile/qazwsxedcrfvqazwsxedcrfvqazwsxedcrfv<<END","timestamp":"Jan 04 2015 14:32:25"}
{"level":"info","message":"[Request] Method : GET, URL : /v1/profile/qazwsxedcrfvqazwsxedcrfvqazwsxedcrfv<<END","timestamp":"Jan 04 2015 14:35:44"}
{"level":"info","message":"[Request] Method : GET, URL : /v1/profile/qazwsxedcrfvqazwsxedcrfvqazwsxedcrfv<<END","timestamp":"Jan 04 2015 14:37:07"}
{"level":"info","message":"[Request] Method : GET, URL : /v1/profile/qazwsxedcrfvqazwsxedcrfvqazwsxedcrfv<<END","timestamp":"Jan 04 2015 14:37:33"}
{"level":"info","message":"[Request] Method : GET, URL : /v1/profile/qazwsxedcrfvqazwsxedcrfvqazwsxedcrfv<<END","timestamp":"Jan 04 2015 14:38:09"}
{"level":"info","message":"[Request] Method : GET, URL : /v1/profile/qazwsxedcrfvqazwsxedcrfvqazwsxedcrfv<<END","timestamp":"Jan 04 2015 14:40:05"}
{"level":"info","message":"[Request] Method : GET, URL : /v1/profile/qazwsxedcrfvqazwsxedcrfvqazwsxedcrfv<<END","timestamp":"Jan 04 2015 14:40:19"}
{"level":"info","message":"[Request] Method : GET, URL : /v1/profile/qazwsxedcrfvqazwsxedcrfvqazwsxedcrfv<<END","timestamp":"Jan 04 2015 14:41:06"}
{"level":"info","message":"[Request] Method : GET, URL : /v1/profile/qazwsxedcrfvqazwsxedcrfvqazwsxedcrfv<<END","timestamp":"Jan 04 2015 14:41:14"}
{"level":"info","message":"[Request] Method : GET, URL : /v1/profile/qazwsxedcrfvtgbyhnujmazwsxedcrfvrfv<<END","timestamp":"Jan 04 2015 14:42:17"}
{"level":"info","message":"ProfileController - get_profile_info error - parameter size not valid.35","timestamp":"Jan 04 2015 14:42:17"}
{"level":"info","message":"[Request] Method : GET, URL : /v1/profile/qazwsxedcrfvtgbyhnujmazwsxedcrfvrfv<<END","timestamp":"Jan 04 2015 14:43:17"}
{"level":"info","message":"ProfileController - get_profile_info error - parameter size not valid.35","timestamp":"Jan 04 2015 14:43:17"}
{"level":"info","message":"[Request] Method : GET, URL : /v1/profile/qazwsxedcrfvtgbyhnujmazwsxedcrfvrfv<<END","timestamp":"Jan 04 2015 14:45:03"}
{"level":"info","message":"ProfileController - get_profile_info error - parameter size not valid.35","timestamp":"Jan 04 2015 14:45:03"}
{"level":"info","message":"[Request] Method : GET, URL : /v1/profile/qazwsxedcrfvtgbyhnujmazwsxedcrfvrfv<<END","timestamp":"Jan 04 2015 14:45:44"}
{"level":"info","message":"ProfileController - get_profile_info error - parameter size not valid.35","timestamp":"Jan 04 2015 14:45:44"}
{"level":"info","message":"[Request] Method : GET, URL : /v1/profile/qazwsxedcrfvtgbyhnujmazwsxedcrfvrfv<<END","timestamp":"Jan 04 2015 14:45:55"}
{"level":"info","message":"ProfileController - get_profile_info error - parameter size not valid.35","timestamp":"Jan 04 2015 14:45:55"}
{"level":"info","message":"[Request] Method : GET, URL : /v1/profile/1qazwsxedcrfvtgbyhnujmazwsxedcrfvrfv<<END","timestamp":"Jan 04 2015 14:46:15"}
{"level":"info","message":"[Request] Method : GET, URL : /v1/profile/1qazwsxedcrfvtgbyhnujmazwsxedcrfvrfv<<END","timestamp":"Jan 04 2015 14:46:39"}
{"level":"info","message":"[Request] Method : GET, URL : /v1/profile/azwsxedcrfvtgbyhnujmazwsxedcrfvrfvz<<END","timestamp":"Jan 04 2015 14:47:59"}
{"level":"info","message":"ProfileController - get_profile_info error - parameter size not valid.35","timestamp":"Jan 04 2015 14:47:59"}
{"level":"info","message":"[Request] Method : GET, URL : /v1/profile/qazwsxedcrfvtgbyhnujmazwsxedcrfvrfvz<<END","timestamp":"Jan 04 2015 14:48:56"}
{"level":"info","message":"[Request] Method : GET, URL : /v1/profile/qazwsxedcrfvtgbyhnujmazwsxedcrfvrfvz<<END","timestamp":"Jan 04 2015 15:02:32"}
{"level":"info","message":"[Request] Method : GET, URL : /v1/profile/qazwsxedcrfvtgbyhnujmazwsxedcrfvrfvz<<END","timestamp":"Jan 04 2015 15:14:14"}
{"level":"info","message":"[Request] Method : GET, URL : /v1/profile/qazwsxedcrfvtgbyhnujmazwsxedcrfvrfvz<<END","timestamp":"Jan 04 2015 15:21:00"}
{"level":"info","message":"[Request] Method : POST, URL : /v1/profile/<<END","timestamp":"Jan 04 2015 15:28:15"}
{"level":"info","message":"profile_key : undefined","timestamp":"Jan 04 2015 15:28:15"}
{"level":"info","message":"[Request] Method : POST, URL : /v1/profile/<<END","timestamp":"Jan 04 2015 15:29:03"}
{"level":"info","message":"profile_key : undefined","timestamp":"Jan 04 2015 15:29:03"}
{"level":"info","message":"[Request] Method : POST, URL : /v1/profile/<<END","timestamp":"Jan 04 2015 15:33:13"}
{"level":"info","message":"profile_key : [object Object]","timestamp":"Jan 04 2015 15:33:13"}
{"level":"info","message":"[Request] Method : POST, URL : /v1/profile/<<END","timestamp":"Jan 04 2015 15:33:46"}
{"level":"info","message":"profile_key : [object Object]","timestamp":"Jan 04 2015 15:33:46"}
{"level":"info","message":"[Request] Method : POST, URL : /v1/profile/<<END","timestamp":"Jan 04 2015 15:33:56"}
{"level":"info","message":"profile_key : undefined","timestamp":"Jan 04 2015 15:33:56"}
{"level":"info","message":"[Request] Method : POST, URL : /v1/profile/<<END","timestamp":"Jan 04 2015 15:34:24"}
{"level":"info","message":"profile_key : undefined","timestamp":"Jan 04 2015 15:34:24"}
{"level":"info","message":"[Request] Method : POST, URL : /v1/profile/<<END","timestamp":"Jan 04 2015 15:36:58"}
{"level":"info","message":"profile_key : undefined","timestamp":"Jan 04 2015 15:36:58"}
{"level":"info","message":"[Request] Method : POST, URL : /v1/profile<<END","timestamp":"Jan 04 2015 15:43:15"}
{"level":"info","message":"profile_key : undefined undefined [object Object]","timestamp":"Jan 04 2015 15:43:15"}
{"level":"info","message":"[Request] Method : POST, URL : /v1/profile<<END","timestamp":"Jan 04 2015 15:43:41"}
{"level":"info","message":"profile_key : [object Object]","timestamp":"Jan 04 2015 15:43:41"}
{"level":"info","message":"[Request] Method : POST, URL : /v1/profile<<END","timestamp":"Jan 04 2015 15:49:36"}
{"level":"info","message":"profile_key : undefined","timestamp":"Jan 04 2015 15:49:36"}
{"level":"info","message":"[Request] Method : POST, URL : /v1/profile<<END","timestamp":"Jan 05 2015 06:36:25"}
{"level":"info","message":"profile_key : afdasdfasdfasfasfdasfda","timestamp":"Jan 05 2015 06:36:25"}
